[INFO] Scanning for projects...
[WARNING] 
[WARNING] Some problems were encountered while building the effective model for com.eastapps:meme_gen_server:war:0.1.8
[WARNING] 'build.plugins.plugin.version' for org.apache.maven.plugins:maven-surefire-plugin is missing. @ line 206, column 21
[WARNING] 
[WARNING] It is highly recommended to fix these problems because they threaten the stability of your build.
[WARNING] 
[WARNING] For this reason, future Maven versions might no longer support building such malformed projects.
[WARNING] 
[INFO]                                                                         
[INFO] ------------------------------------------------------------------------
[INFO] Building meme_gen_server 0.1.8
[INFO] ------------------------------------------------------------------------
[INFO] 
[INFO] --- maven-clean-plugin:2.3:clean (default-clean) @ meme_gen_server ---
[INFO] Deleting file set: /media/hybrid/workspace/meme_gen/meme_gen_server/target (included: [**], excluded: [])
[INFO] 
[INFO] --- maven-resources-plugin:2.3:resources (default-resources) @ meme_gen_server ---
[INFO] Using 'UTF-8' encoding to copy filtered resources.
[INFO] skip non existing resourceDirectory /media/hybrid/workspace/meme_gen/meme_gen_server/src/main/resources
[INFO] 
[INFO] --- maven-compiler-plugin:2.3.2:compile (default-compile) @ meme_gen_server ---
[INFO] Compiling 27 source files to /media/hybrid/workspace/meme_gen/meme_gen_server/target/classes
[INFO] 
[INFO] --- maven-resources-plugin:2.3:testResources (default-testResources) @ meme_gen_server ---
[INFO] Using 'UTF-8' encoding to copy filtered resources.
[INFO] Copying 11 resources
[INFO] 
[INFO] --- maven-compiler-plugin:2.3.2:testCompile (default-testCompile) @ meme_gen_server ---
[INFO] Compiling 3 source files to /media/hybrid/workspace/meme_gen/meme_gen_server/target/test-classes
[INFO] 
[INFO] --- maven-surefire-plugin:2.10:test (default-test) @ meme_gen_server ---
[INFO] Surefire report directory: /media/hybrid/workspace/meme_gen/meme_gen_server/target/surefire-reports

-------------------------------------------------------
 T E S T S
-------------------------------------------------------
Running com.eastapps.meme_gen_server.HomeControllerTest
INFO : org.springframework.test.context.TestContextManager - @TestExecutionListeners is not present for class [class com.eastapps.meme_gen_server.HomeControllerTest]: using defaults.
INFO : org.springframework.beans.factory.xml.XmlBeanDefinitionReader - Loading XML bean definitions from URL [file:src/test/resources/root-context.xml]
INFO : org.springframework.beans.factory.xml.XmlBeanDefinitionReader - Loading XML bean definitions from URL [file:src/test/resources/db.xml]
INFO : org.springframework.beans.factory.xml.XmlBeanDefinitionReader - Loading XML bean definitions from URL [file:src/test/resources/servlet-context.xml]
INFO : org.springframework.beans.factory.xml.XmlBeanDefinitionReader - Loading XML bean definitions from URL [file:src/test/resources/controllers.xml]
INFO : org.springframework.context.support.GenericApplicationContext - Refreshing org.springframework.context.support.GenericApplicationContext@71846ce0: startup date [Sat Feb 09 12:42:40 EST 2013]; root of context hierarchy
INFO : org.springframework.beans.factory.support.DefaultListableBeanFactory - Pre-instantiating singletons in org.springframework.beans.factory.support.DefaultListableBeanFactory@3a3e9a4: defining beans [placeholderConfig,dbUrl,defaultDb,dataSource,sessionFactory,org.springframework.aop.config.internalAutoProxyCreator,org.springframework.transaction.annotation.AnnotationTransactionAttributeSource#0,org.springframework.transaction.interceptor.TransactionInterceptor#0,org.springframework.transaction.config.internalTransactionAdvisor,memeImagesRootDir,memeThumbImagesRootDir,installKeyTimeoutMs,org.springframework.web.servlet.mvc.annotation.DefaultAnnotationHandlerMapping#0,org.springframework.format.support.FormattingConversionServiceFactoryBean#0,org.springframework.validation.beanvalidation.LocalValidatorFactoryBean#0,org.springframework.web.servlet.mvc.annotation.AnnotationMethodHandlerAdapter#0,org.springframework.web.servlet.handler.MappedInterceptor#0,org.springframework.web.servlet.mvc.HttpRequestHandlerAdapter,org.springframework.web.servlet.resource.ResourceHttpRequestHandler#0,org.springframework.web.servlet.handler.SimpleUrlHandlerMapping#0,org.springframework.web.servlet.view.InternalResourceViewResolver#0,org.springframework.web.servlet.mvc.annotation.AnnotationMethodHandlerAdapter#1,memeService,homeController,org.springframework.context.annotation.internalConfigurationAnnotationProcessor,org.springframework.context.annotation.internalAutowiredAnnotationProcessor,org.springframework.context.annotation.internalRequiredAnnotationProcessor,org.springframework.context.annotation.internalCommonAnnotationProcessor,org.springframework.context.annotation.internalPersistenceAnnotationProcessor,org.springframework.web.servlet.mvc.annotation.DefaultAnnotationHandlerMapping#1,org.springframework.format.support.FormattingConversionServiceFactoryBean#1,org.springframework.validation.beanvalidation.LocalValidatorFactoryBean#1,org.springframework.web.servlet.mvc.annotation.AnnotationMethodHandlerAdapter#2,org.springframework.web.servlet.handler.MappedInterceptor#1,org.springframework.web.servlet.resource.ResourceHttpRequestHandler#1,org.springframework.web.servlet.handler.SimpleUrlHandlerMapping#1,validator]; root of factory hierarchy
INFO : org.hibernate.cfg.annotations.Version - Hibernate Annotations 3.5.6-Final
INFO : org.hibernate.cfg.Environment - Hibernate 3.5.6-Final
INFO : org.hibernate.cfg.Environment - hibernate.properties not found
INFO : org.hibernate.cfg.Environment - Bytecode provider name : javassist
INFO : org.hibernate.cfg.Environment - using JDK 1.4 java.sql.Timestamp handling
INFO : org.hibernate.annotations.common.Version - Hibernate Commons Annotations 3.2.0.Final
INFO : org.hibernate.cfg.Configuration - configuring from url: file:src/test/resources/hibernate.cfg.xml
INFO : org.hibernate.cfg.Configuration - Configured SessionFactory: null
INFO : org.hibernate.cfg.AnnotationBinder - Binding entity from annotated class: com.eastapps.meme_gen_server.domain.MemeText
INFO : org.hibernate.cfg.annotations.EntityBinder - Bind entity com.eastapps.meme_gen_server.domain.MemeText on table meme_text
INFO : org.hibernate.cfg.AnnotationBinder - Binding entity from annotated class: com.eastapps.meme_gen_server.domain.LvMemeType
INFO : org.hibernate.cfg.annotations.EntityBinder - Bind entity com.eastapps.meme_gen_server.domain.LvMemeType on table lv_meme_type
INFO : org.hibernate.cfg.AnnotationBinder - Binding entity from annotated class: com.eastapps.meme_gen_server.domain.MemeBackground
INFO : org.hibernate.cfg.annotations.EntityBinder - Bind entity com.eastapps.meme_gen_server.domain.MemeBackground on table meme_background
INFO : org.hibernate.cfg.AnnotationBinder - Binding entity from annotated class: com.eastapps.meme_gen_server.domain.Meme
INFO : org.hibernate.cfg.annotations.EntityBinder - Bind entity com.eastapps.meme_gen_server.domain.Meme on table meme
INFO : org.hibernate.cfg.AnnotationBinder - Binding entity from annotated class: com.eastapps.meme_gen_server.domain.User
INFO : org.hibernate.cfg.annotations.EntityBinder - Bind entity com.eastapps.meme_gen_server.domain.User on table user
INFO : org.hibernate.cfg.AnnotationBinder - Binding entity from annotated class: com.eastapps.meme_gen_server.domain.DeviceInfo
INFO : org.hibernate.cfg.annotations.EntityBinder - Bind entity com.eastapps.meme_gen_server.domain.DeviceInfo on table device_info
INFO : org.hibernate.cfg.AnnotationBinder - Binding entity from annotated class: com.eastapps.meme_gen_server.domain.UserFavMemeType
INFO : org.hibernate.cfg.annotations.EntityBinder - Bind entity com.eastapps.meme_gen_server.domain.UserFavMemeType on table user_fav_meme_type
INFO : org.hibernate.cfg.AnnotationBinder - Binding entity from annotated class: com.eastapps.meme_gen_server.domain.MemeTypePopularity
INFO : org.hibernate.cfg.annotations.EntityBinder - Bind entity com.eastapps.meme_gen_server.domain.MemeTypePopularity on table meme_type_popularity
INFO : org.hibernate.cfg.annotations.CollectionBinder - Mapping collection: com.eastapps.meme_gen_server.domain.LvMemeType.memeTypePopularities -> meme_type_popularity
INFO : org.hibernate.cfg.annotations.CollectionBinder - Mapping collection: com.eastapps.meme_gen_server.domain.LvMemeType.memes -> meme
INFO : org.hibernate.cfg.annotations.CollectionBinder - Mapping collection: com.eastapps.meme_gen_server.domain.MemeBackground.memes -> meme
INFO : org.hibernate.cfg.annotations.CollectionBinder - Mapping collection: com.eastapps.meme_gen_server.domain.Meme.memeTexts -> meme_text
INFO : org.hibernate.cfg.annotations.CollectionBinder - Mapping collection: com.eastapps.meme_gen_server.domain.User.deviceInfos -> device_info
INFO : org.hibernate.cfg.annotations.CollectionBinder - Mapping collection: com.eastapps.meme_gen_server.domain.User.memes -> meme
INFO : org.hibernate.cfg.annotations.CollectionBinder - Mapping collection: com.eastapps.meme_gen_server.domain.User.userFavMemeTypes -> user_fav_meme_type
INFO : org.hibernate.cfg.AnnotationConfiguration - Hibernate Validator not found: ignoring
INFO : org.hibernate.validator.util.Version - Hibernate Validator 4.0.0.GA
INFO : org.hibernate.validator.engine.resolver.DefaultTraversableResolver - Instantiated an instance of org.hibernate.validator.engine.resolver.JPATraversableResolver.
INFO : org.springframework.orm.hibernate3.annotation.AnnotationSessionFactoryBean - Building new Hibernate SessionFactory
INFO : org.hibernate.validator.engine.resolver.DefaultTraversableResolver - Instantiated an instance of org.hibernate.validator.engine.resolver.JPATraversableResolver.
INFO : org.hibernate.cfg.search.HibernateSearchEventListenerRegister - Unable to find org.hibernate.search.event.FullTextIndexEventListener on the classpath. Hibernate Search is not enabled.
INFO : org.hibernate.validator.engine.resolver.DefaultTraversableResolver - Instantiated an instance of org.hibernate.validator.engine.resolver.JPATraversableResolver.
INFO : org.hibernate.connection.ConnectionProviderFactory - Initializing connection provider: org.springframework.orm.hibernate3.LocalDataSourceConnectionProvider
INFO : org.hibernate.cfg.SettingsFactory - RDBMS: MySQL, version: 5.5.28-0ubuntu0.12.04.3
INFO : org.hibernate.cfg.SettingsFactory - JDBC driver: MySQL-AB JDBC Driver, version: mysql-connector-java-5.1.18 ( Revision: tonci.grgin@oracle.com-20110930151701-jfj14ddfq48ifkfq )
INFO : org.hibernate.dialect.Dialect - Using dialect: org.hibernate.dialect.MySQLInnoDBDialect
INFO : org.hibernate.engine.jdbc.JdbcSupportLoader - Disabling contextual LOB creation as createClob() method threw error : java.lang.reflect.InvocationTargetException
INFO : org.hibernate.transaction.TransactionFactoryFactory - Transaction strategy: org.springframework.orm.hibernate3.SpringTransactionFactory
INFO : org.hibernate.transaction.TransactionManagerLookupFactory - No TransactionManagerLookup configured (in JTA environment, use of read-write or transactional second-level cache is not recommended)
INFO : org.hibernate.cfg.SettingsFactory - Automatic flush during beforeCompletion(): disabled
INFO : org.hibernate.cfg.SettingsFactory - Automatic session close at end of transaction: disabled
INFO : org.hibernate.cfg.SettingsFactory - JDBC batch size: 15
INFO : org.hibernate.cfg.SettingsFactory - JDBC batch updates for versioned data: disabled
INFO : org.hibernate.cfg.SettingsFactory - Scrollable result sets: enabled
INFO : org.hibernate.cfg.SettingsFactory - JDBC3 getGeneratedKeys(): enabled
INFO : org.hibernate.cfg.SettingsFactory - Connection release mode: auto
INFO : org.hibernate.cfg.SettingsFactory - Default schema: mgsdb
INFO : org.hibernate.cfg.SettingsFactory - Maximum outer join fetch depth: 2
INFO : org.hibernate.cfg.SettingsFactory - Default batch fetch size: 1
INFO : org.hibernate.cfg.SettingsFactory - Generate SQL with comments: disabled
INFO : org.hibernate.cfg.SettingsFactory - Order SQL updates by primary key: disabled
INFO : org.hibernate.cfg.SettingsFactory - Order SQL inserts for batching: disabled
INFO : org.hibernate.cfg.SettingsFactory - Query translator: org.hibernate.hql.ast.ASTQueryTranslatorFactory
INFO : org.hibernate.hql.ast.ASTQueryTranslatorFactory - Using ASTQueryTranslatorFactory
INFO : org.hibernate.cfg.SettingsFactory - Query language substitutions: {}
INFO : org.hibernate.cfg.SettingsFactory - JPA-QL strict compliance: disabled
INFO : org.hibernate.cfg.SettingsFactory - Second-level cache: enabled
INFO : org.hibernate.cfg.SettingsFactory - Query cache: disabled
INFO : org.hibernate.cfg.SettingsFactory - Cache region factory : org.hibernate.cache.impl.NoCachingRegionFactory
INFO : org.hibernate.cfg.SettingsFactory - Optimize cache for minimal puts: disabled
INFO : org.hibernate.cfg.SettingsFactory - Structured second-level cache entries: disabled
INFO : org.hibernate.cfg.SettingsFactory - Statistics: disabled
INFO : org.hibernate.cfg.SettingsFactory - Deleted entity synthetic identifier rollback: disabled
INFO : org.hibernate.cfg.SettingsFactory - Default entity-mode: pojo
INFO : org.hibernate.cfg.SettingsFactory - Named query checking : enabled
INFO : org.hibernate.cfg.SettingsFactory - Check Nullability in Core (should be disabled when Bean Validation is on): disabled
INFO : org.hibernate.impl.SessionFactoryImpl - building session factory
INFO : org.hibernate.impl.SessionFactoryObjectFactory - Not binding factory to JNDI, no JNDI name configured
INFO : org.springframework.web.servlet.mvc.annotation.DefaultAnnotationHandlerMapping - Mapped URL path [/meme_data/{meme_id}/json] onto handler 'homeController'
INFO : org.springframework.web.servlet.mvc.annotation.DefaultAnnotationHandlerMapping - Mapped URL path [/meme_data/{meme_id}/json.*] onto handler 'homeController'
INFO : org.springframework.web.servlet.mvc.annotation.DefaultAnnotationHandlerMapping - Mapped URL path [/meme_data/{meme_id}/json/] onto handler 'homeController'
INFO : org.springframework.web.servlet.mvc.annotation.DefaultAnnotationHandlerMapping - Mapped URL path [/store_meme] onto handler 'homeController'
INFO : org.springframework.web.servlet.mvc.annotation.DefaultAnnotationHandlerMapping - Mapped URL path [/store_meme.*] onto handler 'homeController'
INFO : org.springframework.web.servlet.mvc.annotation.DefaultAnnotationHandlerMapping - Mapped URL path [/store_meme/] onto handler 'homeController'
INFO : org.springframework.web.servlet.mvc.annotation.DefaultAnnotationHandlerMapping - Mapped URL path [/sample_meme_data/{meme_type_id}/json] onto handler 'homeController'
INFO : org.springframework.web.servlet.mvc.annotation.DefaultAnnotationHandlerMapping - Mapped URL path [/sample_meme_data/{meme_type_id}/json.*] onto handler 'homeController'
INFO : org.springframework.web.servlet.mvc.annotation.DefaultAnnotationHandlerMapping - Mapped URL path [/sample_meme_data/{meme_type_id}/json/] onto handler 'homeController'
INFO : org.springframework.web.servlet.mvc.annotation.DefaultAnnotationHandlerMapping - Mapped URL path [/user_data/user/{userid}/favtypes/{typeid}/store] onto handler 'homeController'
INFO : org.springframework.web.servlet.mvc.annotation.DefaultAnnotationHandlerMapping - Mapped URL path [/user_data/user/{userid}/favtypes/{typeid}/store.*] onto handler 'homeController'
INFO : org.springframework.web.servlet.mvc.annotation.DefaultAnnotationHandlerMapping - Mapped URL path [/user_data/user/{userid}/favtypes/{typeid}/store/] onto handler 'homeController'
INFO : org.springframework.web.servlet.mvc.annotation.DefaultAnnotationHandlerMapping - Mapped URL path [/user_data/user/{id}/favtypes/json] onto handler 'homeController'
INFO : org.springframework.web.servlet.mvc.annotation.DefaultAnnotationHandlerMapping - Mapped URL path [/user_data/user/{id}/favtypes/json.*] onto handler 'homeController'
INFO : org.springframework.web.servlet.mvc.annotation.DefaultAnnotationHandlerMapping - Mapped URL path [/user_data/user/{id}/favtypes/json/] onto handler 'homeController'
INFO : org.springframework.web.servlet.mvc.annotation.DefaultAnnotationHandlerMapping - Mapped URL path [/user_data/user/{userid}/favtypes/{typeid}/remove] onto handler 'homeController'
INFO : org.springframework.web.servlet.mvc.annotation.DefaultAnnotationHandlerMapping - Mapped URL path [/user_data/user/{userid}/favtypes/{typeid}/remove.*] onto handler 'homeController'
INFO : org.springframework.web.servlet.mvc.annotation.DefaultAnnotationHandlerMapping - Mapped URL path [/user_data/user/{userid}/favtypes/{typeid}/remove/] onto handler 'homeController'
INFO : org.springframework.web.servlet.mvc.annotation.DefaultAnnotationHandlerMapping - Mapped URL path [/meme_type_data/popular/json] onto handler 'homeController'
INFO : org.springframework.web.servlet.mvc.annotation.DefaultAnnotationHandlerMapping - Mapped URL path [/meme_type_data/popular/json.*] onto handler 'homeController'
INFO : org.springframework.web.servlet.mvc.annotation.DefaultAnnotationHandlerMapping - Mapped URL path [/meme_type_data/popular/json/] onto handler 'homeController'
INFO : org.springframework.web.servlet.mvc.annotation.DefaultAnnotationHandlerMapping - Mapped URL path [/meme_type_data/search/{searchTerm}/json] onto handler 'homeController'
INFO : org.springframework.web.servlet.mvc.annotation.DefaultAnnotationHandlerMapping - Mapped URL path [/meme_type_data/search/{searchTerm}/json.*] onto handler 'homeController'
INFO : org.springframework.web.servlet.mvc.annotation.DefaultAnnotationHandlerMapping - Mapped URL path [/meme_type_data/search/{searchTerm}/json/] onto handler 'homeController'
INFO : org.springframework.web.servlet.mvc.annotation.DefaultAnnotationHandlerMapping - Mapped URL path [/meme_type_data/json] onto handler 'homeController'
INFO : org.springframework.web.servlet.mvc.annotation.DefaultAnnotationHandlerMapping - Mapped URL path [/meme_type_data/json.*] onto handler 'homeController'
INFO : org.springframework.web.servlet.mvc.annotation.DefaultAnnotationHandlerMapping - Mapped URL path [/meme_type_data/json/] onto handler 'homeController'
INFO : org.springframework.web.servlet.mvc.annotation.DefaultAnnotationHandlerMapping - Mapped URL path [/meme_type_data/{id}/background] onto handler 'homeController'
INFO : org.springframework.web.servlet.mvc.annotation.DefaultAnnotationHandlerMapping - Mapped URL path [/meme_type_data/{id}/background.*] onto handler 'homeController'
INFO : org.springframework.web.servlet.mvc.annotation.DefaultAnnotationHandlerMapping - Mapped URL path [/meme_type_data/{id}/background/] onto handler 'homeController'
INFO : org.springframework.web.servlet.mvc.annotation.DefaultAnnotationHandlerMapping - Mapped URL path [/user_data/new_install_key/json] onto handler 'homeController'
INFO : org.springframework.web.servlet.mvc.annotation.DefaultAnnotationHandlerMapping - Mapped URL path [/user_data/new_install_key/json.*] onto handler 'homeController'
INFO : org.springframework.web.servlet.mvc.annotation.DefaultAnnotationHandlerMapping - Mapped URL path [/user_data/new_install_key/json/] onto handler 'homeController'
INFO : org.springframework.web.servlet.mvc.annotation.DefaultAnnotationHandlerMapping - Mapped URL path [/user_data/store_new/json] onto handler 'homeController'
INFO : org.springframework.web.servlet.mvc.annotation.DefaultAnnotationHandlerMapping - Mapped URL path [/user_data/store_new/json.*] onto handler 'homeController'
INFO : org.springframework.web.servlet.mvc.annotation.DefaultAnnotationHandlerMapping - Mapped URL path [/user_data/store_new/json/] onto handler 'homeController'
INFO : org.springframework.web.servlet.mvc.annotation.DefaultAnnotationHandlerMapping - Mapped URL path [/meme_data/{typeid}/background] onto handler 'homeController'
INFO : org.springframework.web.servlet.mvc.annotation.DefaultAnnotationHandlerMapping - Mapped URL path [/meme_data/{typeid}/background.*] onto handler 'homeController'
INFO : org.springframework.web.servlet.mvc.annotation.DefaultAnnotationHandlerMapping - Mapped URL path [/meme_data/{typeid}/background/] onto handler 'homeController'
INFO : org.springframework.web.servlet.mvc.annotation.DefaultAnnotationHandlerMapping - Mapped URL path [/add_meme_admin] onto handler 'homeController'
INFO : org.springframework.web.servlet.mvc.annotation.DefaultAnnotationHandlerMapping - Mapped URL path [/add_meme_admin.*] onto handler 'homeController'
INFO : org.springframework.web.servlet.mvc.annotation.DefaultAnnotationHandlerMapping - Mapped URL path [/add_meme_admin/] onto handler 'homeController'
INFO : org.springframework.web.servlet.mvc.annotation.DefaultAnnotationHandlerMapping - Root mapping to handler 'homeController'
INFO : org.springframework.web.servlet.mvc.annotation.DefaultAnnotationHandlerMapping - Mapped URL path [/user_data/user/{id}/json] onto handler 'homeController'
INFO : org.springframework.web.servlet.mvc.annotation.DefaultAnnotationHandlerMapping - Mapped URL path [/user_data/user/{id}/json.*] onto handler 'homeController'
INFO : org.springframework.web.servlet.mvc.annotation.DefaultAnnotationHandlerMapping - Mapped URL path [/user_data/user/{id}/json/] onto handler 'homeController'
INFO : org.hibernate.validator.engine.resolver.DefaultTraversableResolver - Instantiated an instance of org.hibernate.validator.engine.resolver.JPATraversableResolver.
INFO : org.springframework.web.servlet.handler.SimpleUrlHandlerMapping - Mapped URL path [/resources/**] onto handler 'org.springframework.web.servlet.resource.ResourceHttpRequestHandler#0'
INFO : org.springframework.web.servlet.mvc.annotation.DefaultAnnotationHandlerMapping - Mapped URL path [/meme_data/{meme_id}/json] onto handler 'homeController'
INFO : org.springframework.web.servlet.mvc.annotation.DefaultAnnotationHandlerMapping - Mapped URL path [/meme_data/{meme_id}/json.*] onto handler 'homeController'
INFO : org.springframework.web.servlet.mvc.annotation.DefaultAnnotationHandlerMapping - Mapped URL path [/meme_data/{meme_id}/json/] onto handler 'homeController'
INFO : org.springframework.web.servlet.mvc.annotation.DefaultAnnotationHandlerMapping - Mapped URL path [/store_meme] onto handler 'homeController'
INFO : org.springframework.web.servlet.mvc.annotation.DefaultAnnotationHandlerMapping - Mapped URL path [/store_meme.*] onto handler 'homeController'
INFO : org.springframework.web.servlet.mvc.annotation.DefaultAnnotationHandlerMapping - Mapped URL path [/store_meme/] onto handler 'homeController'
INFO : org.springframework.web.servlet.mvc.annotation.DefaultAnnotationHandlerMapping - Mapped URL path [/sample_meme_data/{meme_type_id}/json] onto handler 'homeController'
INFO : org.springframework.web.servlet.mvc.annotation.DefaultAnnotationHandlerMapping - Mapped URL path [/sample_meme_data/{meme_type_id}/json.*] onto handler 'homeController'
INFO : org.springframework.web.servlet.mvc.annotation.DefaultAnnotationHandlerMapping - Mapped URL path [/sample_meme_data/{meme_type_id}/json/] onto handler 'homeController'
INFO : org.springframework.web.servlet.mvc.annotation.DefaultAnnotationHandlerMapping - Mapped URL path [/user_data/user/{userid}/favtypes/{typeid}/store] onto handler 'homeController'
INFO : org.springframework.web.servlet.mvc.annotation.DefaultAnnotationHandlerMapping - Mapped URL path [/user_data/user/{userid}/favtypes/{typeid}/store.*] onto handler 'homeController'
INFO : org.springframework.web.servlet.mvc.annotation.DefaultAnnotationHandlerMapping - Mapped URL path [/user_data/user/{userid}/favtypes/{typeid}/store/] onto handler 'homeController'
INFO : org.springframework.web.servlet.mvc.annotation.DefaultAnnotationHandlerMapping - Mapped URL path [/user_data/user/{id}/favtypes/json] onto handler 'homeController'
INFO : org.springframework.web.servlet.mvc.annotation.DefaultAnnotationHandlerMapping - Mapped URL path [/user_data/user/{id}/favtypes/json.*] onto handler 'homeController'
INFO : org.springframework.web.servlet.mvc.annotation.DefaultAnnotationHandlerMapping - Mapped URL path [/user_data/user/{id}/favtypes/json/] onto handler 'homeController'
INFO : org.springframework.web.servlet.mvc.annotation.DefaultAnnotationHandlerMapping - Mapped URL path [/user_data/user/{userid}/favtypes/{typeid}/remove] onto handler 'homeController'
INFO : org.springframework.web.servlet.mvc.annotation.DefaultAnnotationHandlerMapping - Mapped URL path [/user_data/user/{userid}/favtypes/{typeid}/remove.*] onto handler 'homeController'
INFO : org.springframework.web.servlet.mvc.annotation.DefaultAnnotationHandlerMapping - Mapped URL path [/user_data/user/{userid}/favtypes/{typeid}/remove/] onto handler 'homeController'
INFO : org.springframework.web.servlet.mvc.annotation.DefaultAnnotationHandlerMapping - Mapped URL path [/meme_type_data/popular/json] onto handler 'homeController'
INFO : org.springframework.web.servlet.mvc.annotation.DefaultAnnotationHandlerMapping - Mapped URL path [/meme_type_data/popular/json.*] onto handler 'homeController'
INFO : org.springframework.web.servlet.mvc.annotation.DefaultAnnotationHandlerMapping - Mapped URL path [/meme_type_data/popular/json/] onto handler 'homeController'
INFO : org.springframework.web.servlet.mvc.annotation.DefaultAnnotationHandlerMapping - Mapped URL path [/meme_type_data/search/{searchTerm}/json] onto handler 'homeController'
INFO : org.springframework.web.servlet.mvc.annotation.DefaultAnnotationHandlerMapping - Mapped URL path [/meme_type_data/search/{searchTerm}/json.*] onto handler 'homeController'
INFO : org.springframework.web.servlet.mvc.annotation.DefaultAnnotationHandlerMapping - Mapped URL path [/meme_type_data/search/{searchTerm}/json/] onto handler 'homeController'
INFO : org.springframework.web.servlet.mvc.annotation.DefaultAnnotationHandlerMapping - Mapped URL path [/meme_type_data/json] onto handler 'homeController'
INFO : org.springframework.web.servlet.mvc.annotation.DefaultAnnotationHandlerMapping - Mapped URL path [/meme_type_data/json.*] onto handler 'homeController'
INFO : org.springframework.web.servlet.mvc.annotation.DefaultAnnotationHandlerMapping - Mapped URL path [/meme_type_data/json/] onto handler 'homeController'
INFO : org.springframework.web.servlet.mvc.annotation.DefaultAnnotationHandlerMapping - Mapped URL path [/meme_type_data/{id}/background] onto handler 'homeController'
INFO : org.springframework.web.servlet.mvc.annotation.DefaultAnnotationHandlerMapping - Mapped URL path [/meme_type_data/{id}/background.*] onto handler 'homeController'
INFO : org.springframework.web.servlet.mvc.annotation.DefaultAnnotationHandlerMapping - Mapped URL path [/meme_type_data/{id}/background/] onto handler 'homeController'
INFO : org.springframework.web.servlet.mvc.annotation.DefaultAnnotationHandlerMapping - Mapped URL path [/user_data/new_install_key/json] onto handler 'homeController'
INFO : org.springframework.web.servlet.mvc.annotation.DefaultAnnotationHandlerMapping - Mapped URL path [/user_data/new_install_key/json.*] onto handler 'homeController'
INFO : org.springframework.web.servlet.mvc.annotation.DefaultAnnotationHandlerMapping - Mapped URL path [/user_data/new_install_key/json/] onto handler 'homeController'
INFO : org.springframework.web.servlet.mvc.annotation.DefaultAnnotationHandlerMapping - Mapped URL path [/user_data/store_new/json] onto handler 'homeController'
INFO : org.springframework.web.servlet.mvc.annotation.DefaultAnnotationHandlerMapping - Mapped URL path [/user_data/store_new/json.*] onto handler 'homeController'
INFO : org.springframework.web.servlet.mvc.annotation.DefaultAnnotationHandlerMapping - Mapped URL path [/user_data/store_new/json/] onto handler 'homeController'
INFO : org.springframework.web.servlet.mvc.annotation.DefaultAnnotationHandlerMapping - Mapped URL path [/meme_data/{typeid}/background] onto handler 'homeController'
INFO : org.springframework.web.servlet.mvc.annotation.DefaultAnnotationHandlerMapping - Mapped URL path [/meme_data/{typeid}/background.*] onto handler 'homeController'
INFO : org.springframework.web.servlet.mvc.annotation.DefaultAnnotationHandlerMapping - Mapped URL path [/meme_data/{typeid}/background/] onto handler 'homeController'
INFO : org.springframework.web.servlet.mvc.annotation.DefaultAnnotationHandlerMapping - Mapped URL path [/add_meme_admin] onto handler 'homeController'
INFO : org.springframework.web.servlet.mvc.annotation.DefaultAnnotationHandlerMapping - Mapped URL path [/add_meme_admin.*] onto handler 'homeController'
INFO : org.springframework.web.servlet.mvc.annotation.DefaultAnnotationHandlerMapping - Mapped URL path [/add_meme_admin/] onto handler 'homeController'
INFO : org.springframework.web.servlet.mvc.annotation.DefaultAnnotationHandlerMapping - Root mapping to handler 'homeController'
INFO : org.springframework.web.servlet.mvc.annotation.DefaultAnnotationHandlerMapping - Mapped URL path [/user_data/user/{id}/json] onto handler 'homeController'
INFO : org.springframework.web.servlet.mvc.annotation.DefaultAnnotationHandlerMapping - Mapped URL path [/user_data/user/{id}/json.*] onto handler 'homeController'
INFO : org.springframework.web.servlet.mvc.annotation.DefaultAnnotationHandlerMapping - Mapped URL path [/user_data/user/{id}/json/] onto handler 'homeController'
INFO : org.hibernate.validator.engine.resolver.DefaultTraversableResolver - Instantiated an instance of org.hibernate.validator.engine.resolver.JPATraversableResolver.
INFO : org.springframework.web.servlet.handler.SimpleUrlHandlerMapping - Mapped URL path [/resources/**] onto handler 'org.springframework.web.servlet.resource.ResourceHttpRequestHandler#1'
INFO : org.hibernate.validator.engine.resolver.DefaultTraversableResolver - Instantiated an instance of org.hibernate.validator.engine.resolver.JPATraversableResolver.
DEBUG: com.eastapps.meme_gen_server.HomeController - getmeme: id=1] result=ShallowMeme [backgroundFk=3, id=1, topText=Top Text Test, bottomText=Bottom Text Test, userId=3, memeTypeDescr=Ducreux, memeTypeId=3, topTextFontSize=26, bottomTextFontSize=26]]
INFO : org.hibernate.impl.SessionFactoryImpl - closing
Tests run: 7, Failures: 0, Errors: 0, Skipped: 0, Time elapsed: 4.273 sec
Running com.eastapps.meme_gen_server.MemeServiceTest
INFO : org.springframework.test.context.TestContextManager - @TestExecutionListeners is not present for class [class com.eastapps.meme_gen_server.MemeServiceTest]: using defaults.
DEBUG: com.eastapps.meme_gen_server.service.MemeService - bg=[MemeBackground [id=1, active=true, path=tmimitw.jpg]]
DEBUG: com.eastapps.meme_gen_server.service.MemeService - imgPath=[/meme_imgs/thumbs/tmimitw.jpg]
DEBUG: com.eastapps.meme_gen_server.service.MemeService - check install key validity; installKeyTimeout=420000; elapsedTime=941;
DEBUG: com.eastapps.meme_gen_server.service.MemeService - check install key validity; installKeyTimeout=420000; elapsedTime=295;
Tests run: 8, Failures: 0, Errors: 0, Skipped: 0, Time elapsed: 2.556 sec
INFO : org.springframework.context.support.GenericApplicationContext - Closing org.springframework.context.support.GenericApplicationContext@71846ce0: startup date [Sat Feb 09 12:42:40 EST 2013]; root of context hierarchy
INFO : org.springframework.beans.factory.support.DefaultListableBeanFactory - Destroying singletons in org.springframework.beans.factory.support.DefaultListableBeanFactory@3a3e9a4: defining beans [placeholderConfig,dbUrl,defaultDb,dataSource,sessionFactory,org.springframework.aop.config.internalAutoProxyCreator,org.springframework.transaction.annotation.AnnotationTransactionAttributeSource#0,org.springframework.transaction.interceptor.TransactionInterceptor#0,org.springframework.transaction.config.internalTransactionAdvisor,memeImagesRootDir,memeThumbImagesRootDir,installKeyTimeoutMs,org.springframework.web.servlet.mvc.annotation.DefaultAnnotationHandlerMapping#0,org.springframework.format.support.FormattingConversionServiceFactoryBean#0,org.springframework.validation.beanvalidation.LocalValidatorFactoryBean#0,org.springframework.web.servlet.mvc.annotation.AnnotationMethodHandlerAdapter#0,org.springframework.web.servlet.handler.MappedInterceptor#0,org.springframework.web.servlet.mvc.HttpRequestHandlerAdapter,org.springframework.web.servlet.resource.ResourceHttpRequestHandler#0,org.springframework.web.servlet.handler.SimpleUrlHandlerMapping#0,org.springframework.web.servlet.view.InternalResourceViewResolver#0,org.springframework.web.servlet.mvc.annotation.AnnotationMethodHandlerAdapter#1,memeService,homeController,org.springframework.context.annotation.internalConfigurationAnnotationProcessor,org.springframework.context.annotation.internalAutowiredAnnotationProcessor,org.springframework.context.annotation.internalRequiredAnnotationProcessor,org.springframework.context.annotation.internalCommonAnnotationProcessor,org.springframework.context.annotation.internalPersistenceAnnotationProcessor,org.springframework.web.servlet.mvc.annotation.DefaultAnnotationHandlerMapping#1,org.springframework.format.support.FormattingConversionServiceFactoryBean#1,org.springframework.validation.beanvalidation.LocalValidatorFactoryBean#1,org.springframework.web.servlet.mvc.annotation.AnnotationMethodHandlerAdapter#2,org.springframework.web.servlet.handler.MappedInterceptor#1,org.springframework.web.servlet.resource.ResourceHttpRequestHandler#1,org.springframework.web.servlet.handler.SimpleUrlHandlerMapping#1,validator]; root of factory hierarchy
INFO : org.springframework.orm.hibernate3.annotation.AnnotationSessionFactoryBean - Closing Hibernate SessionFactory

Results :

Tests run: 15, Failures: 0, Errors: 0, Skipped: 0

[INFO] 
[INFO] --- maven-war-plugin:2.1.1:war (default-war) @ meme_gen_server ---
[INFO] Packaging webapp
[INFO] Assembling webapp [meme_gen_server] in [/media/hybrid/workspace/meme_gen/meme_gen_server/target/meme_gen_server]
[INFO] Processing war project
[INFO] Copying webapp resources [/media/hybrid/workspace/meme_gen/meme_gen_server/src/main/webapp]
[INFO] Webapp assembled in [125 msecs]
[INFO] Building war: /media/hybrid/workspace/meme_gen/meme_gen_server/target/meme_gen_server.war
[INFO] WEB-INF/web.xml already added, skipping
[INFO] 
[INFO] --- maven-dependency-plugin:2.3:copy (default) @ meme_gen_server ---
[INFO] Configured Artifact: org.mortbay.jetty:jetty-runner:7.4.5.v20110725:jar
[INFO] Copying jetty-runner-7.4.5.v20110725.jar to /media/hybrid/workspace/meme_gen/meme_gen_server/target/dependency/jetty-runner.jar
[INFO] ------------------------------------------------------------------------
[INFO] BUILD SUCCESS
[INFO] ------------------------------------------------------------------------
[INFO] Total time: 13.688s
[INFO] Finished at: Sat Feb 09 12:42:48 EST 2013
[INFO] Final Memory: 21M/146M
[INFO] ------------------------------------------------------------------------
