-encoding
UTF-8
-outxml
-source
7
-target
7
-classpath
/home/dylan/.m2/repository/antlr/antlr/2.7.7/antlr-2.7.7.jar:/home/dylan/.m2/repository/aopalliance/aopalliance/1.0/aopalliance-1.0.jar:/home/dylan/.m2/repository/cglib/cglib-nodep/2.2.2/cglib-nodep-2.2.2.jar:/home/dylan/.m2/repository/com/google/code/gson/gson/2.2.4/gson-2.2.4.jar:/home/dylan/.m2/repository/commons-beanutils/commons-beanutils/1.8.3/commons-beanutils-1.8.3.jar:/home/dylan/.m2/repository/commons-codec/commons-codec/1.5/commons-codec-1.5.jar:/home/dylan/.m2/repository/commons-collections/commons-collections/3.2.1/commons-collections-3.2.1.jar:/home/dylan/.m2/repository/commons-dbcp/commons-dbcp/1.3/commons-dbcp-1.3.jar:/home/dylan/.m2/repository/commons-digester/commons-digester/2.1/commons-digester-2.1.jar:/home/dylan/.m2/repository/commons-fileupload/commons-fileupload/1.2.2/commons-fileupload-1.2.2.jar:/home/dylan/.m2/repository/commons-io/commons-io/2.1/commons-io-2.1.jar:/home/dylan/.m2/repository/commons-logging/commons-logging/1.1.1/commons-logging-1.1.1.jar:/home/dylan/.m2/repository/commons-pool/commons-pool/1.5.6/commons-pool-1.5.6.jar:/home/dylan/.m2/repository/dom4j/dom4j/1.6.1/dom4j-1.6.1.jar:/home/dylan/.m2/repository/javax/el/el-api/2.2/el-api-2.2.jar:/home/dylan/.m2/repository/javax/servlet/servlet-api/2.5/servlet-api-2.5.jar:/home/dylan/.m2/repository/javax/servlet/jsp/jsp-api/2.1/jsp-api-2.1.jar:/home/dylan/.m2/repository/javax/servlet/jsp/jstl/jstl-api/1.2/jstl-api-1.2.jar:/home/dylan/.m2/repository/javax/transaction/jta/1.1/jta-1.1.jar:/home/dylan/.m2/repository/javax/validation/validation-api/1.0.0.GA/validation-api-1.0.0.GA.jar:/home/dylan/.m2/repository/joda-time/joda-time/1.6/joda-time-1.6.jar:/home/dylan/.m2/repository/junit/junit/4.10/junit-4.10.jar:/home/dylan/.m2/repository/log4j/log4j/1.2.17/log4j-1.2.17.jar:/home/dylan/.m2/repository/mysql/mysql-connector-java/5.1.19/mysql-connector-java-5.1.19.jar:/home/dylan/.m2/repository/net/sf/flexjson/flexjson/2.1/flexjson-2.1.jar:/home/dylan/.m2/repository/org/apache/commons/commons-lang3/3.1/commons-lang3-3.1.jar:/home/dylan/.m2/repository/org/apache/httpcomponents/httpclient/4.2.5/httpclient-4.2.5.jar:/home/dylan/.m2/repository/org/apache/httpcomponents/httpcore/4.2.4/httpcore-4.2.4.jar:/home/dylan/.m2/repository/org/apache/tiles/tiles-api/2.2.2/tiles-api-2.2.2.jar:/home/dylan/.m2/repository/org/apache/tiles/tiles-core/2.2.2/tiles-core-2.2.2.jar:/home/dylan/.m2/repository/org/apache/tiles/tiles-jsp/2.2.2/tiles-jsp-2.2.2.jar:/home/dylan/.m2/repository/org/apache/tiles/tiles-servlet/2.2.2/tiles-servlet-2.2.2.jar:/home/dylan/.m2/repository/org/apache/tiles/tiles-template/2.2.2/tiles-template-2.2.2.jar:/home/dylan/.m2/repository/org/aspectj/aspectjrt/1.7.0/aspectjrt-1.7.0.jar:/home/dylan/.m2/repository/org/aspectj/aspectjweaver/1.7.0/aspectjweaver-1.7.0.jar:/home/dylan/.m2/repository/org/codehaus/jackson/jackson-core-asl/1.9.12/jackson-core-asl-1.9.12.jar:/home/dylan/.m2/repository/org/codehaus/jackson/jackson-mapper-asl/1.9.12/jackson-mapper-asl-1.9.12.jar:/home/dylan/.m2/repository/org/glassfish/web/jstl-impl/1.2/jstl-impl-1.2.jar:/home/dylan/.m2/repository/org/hibernate/hibernate-core/4.1.8.Final/hibernate-core-4.1.8.Final.jar:/home/dylan/.m2/repository/org/hibernate/hibernate-entitymanager/4.1.8.Final/hibernate-entitymanager-4.1.8.Final.jar:/home/dylan/.m2/repository/org/hibernate/hibernate-validator/4.3.1.Final/hibernate-validator-4.3.1.Final.jar:/home/dylan/.m2/repository/org/hibernate/common/hibernate-commons-annotations/4.0.1.Final/hibernate-commons-annotations-4.0.1.Final.jar:/home/dylan/.m2/repository/org/hibernate/javax/persistence/hibernate-jpa-2.0-api/1.0.1.Final/hibernate-jpa-2.0-api-1.0.1.Final.jar:/home/dylan/.m2/repository/org/javassist/javassist/3.15.0-GA/javassist-3.15.0-GA.jar:/home/dylan/.m2/repository/org/jboss/logging/jboss-logging/3.1.0.GA/jboss-logging-3.1.0.GA.jar:/home/dylan/.m2/repository/org/jboss/spec/javax/transaction/jboss-transaction-api_1.1_spec/1.0.0.Final/jboss-transaction-api_1.1_spec-1.0.0.Final.jar:/home/dylan/.m2/repository/org/slf4j/jcl-over-slf4j/1.7.2/jcl-over-slf4j-1.7.2.jar:/home/dylan/.m2/repository/org/slf4j/slf4j-api/1.7.2/slf4j-api-1.7.2.jar:/home/dylan/.m2/repository/org/slf4j/slf4j-log4j12/1.7.2/slf4j-log4j12-1.7.2.jar:/home/dylan/.m2/repository/org/springframework/spring-aop/3.2.0.RELEASE/spring-aop-3.2.0.RELEASE.jar:/home/dylan/.m2/repository/org/springframework/spring-aspects/3.2.0.RELEASE/spring-aspects-3.2.0.RELEASE.jar:/home/dylan/.m2/repository/org/springframework/spring-beans/3.2.0.RELEASE/spring-beans-3.2.0.RELEASE.jar:/home/dylan/.m2/repository/org/springframework/spring-context/3.2.0.RELEASE/spring-context-3.2.0.RELEASE.jar:/home/dylan/.m2/repository/org/springframework/spring-context-support/3.2.0.RELEASE/spring-context-support-3.2.0.RELEASE.jar:/home/dylan/.m2/repository/org/springframework/spring-core/3.2.0.RELEASE/spring-core-3.2.0.RELEASE.jar:/home/dylan/.m2/repository/org/springframework/spring-expression/3.2.0.RELEASE/spring-expression-3.2.0.RELEASE.jar:/home/dylan/.m2/repository/org/springframework/spring-jdbc/3.2.0.RELEASE/spring-jdbc-3.2.0.RELEASE.jar:/home/dylan/.m2/repository/org/springframework/spring-orm/3.2.0.RELEASE/spring-orm-3.2.0.RELEASE.jar:/home/dylan/.m2/repository/org/springframework/spring-test/3.2.0.RELEASE/spring-test-3.2.0.RELEASE.jar:/home/dylan/.m2/repository/org/springframework/spring-tx/3.2.0.RELEASE/spring-tx-3.2.0.RELEASE.jar:/home/dylan/.m2/repository/org/springframework/spring-web/3.2.0.RELEASE/spring-web-3.2.0.RELEASE.jar:/home/dylan/.m2/repository/org/springframework/spring-webmvc/3.2.0.RELEASE/spring-webmvc-3.2.0.RELEASE.jar:/home/dylan/.m2/repository/org/springframework/roo/org.springframework.roo.annotations/1.2.3.RELEASE/org.springframework.roo.annotations-1.2.3.RELEASE.jar:/home/dylan/.m2/repository/org/springframework/webflow/spring-js-resources/2.2.1.RELEASE/spring-js-resources-2.2.1.RELEASE.jar:/media/hybrid/workspace/meme_gen/mgs_v1/target/classes
-aspectpath
/home/dylan/.m2/repository/org/springframework/spring-aspects/3.2.0.RELEASE/spring-aspects-3.2.0.RELEASE.jar
-d
/media/hybrid/workspace/meme_gen/mgs_v1/target/classes
/media/hybrid/workspace/meme_gen/mgs_v1/src/main/java/com/eastapps/mgs/web/MemeTextController.java
/media/hybrid/workspace/meme_gen/mgs_v1/src/main/java/com/eastapps/meme_gen_server/service/UrlFileReader.java
/media/hybrid/workspace/meme_gen/mgs_v1/src/main/java/com/eastapps/mgs/web/MemeBackgroundController.java
/media/hybrid/workspace/meme_gen/mgs_v1/src/main/java/com/eastapps/mgs/web/DeviceInfoController.java
/media/hybrid/workspace/meme_gen/mgs_v1/src/main/java/com/eastapps/mgs/web/ApplicationConversionServiceFactoryBean.java
/media/hybrid/workspace/meme_gen/mgs_v1/src/main/java/com/eastapps/meme_gen_server/service/LocalFileReader.java
/media/hybrid/workspace/meme_gen/mgs_v1/src/main/java/com/eastapps/mgs/model/Meme.java
/media/hybrid/workspace/meme_gen/mgs_v1/src/main/java/com/eastapps/mgs/model/SampleMeme.java
/media/hybrid/workspace/meme_gen/mgs_v1/src/main/java/com/eastapps/meme_gen_server/service/IMemeFileReader.java
/media/hybrid/workspace/meme_gen/mgs_v1/src/main/java/com/eastapps/mgs/model/MemeBackground.java
/media/hybrid/workspace/meme_gen/mgs_v1/src/main/java/com/eastapps/mgs/web/MemeUserController.java
/media/hybrid/workspace/meme_gen/mgs_v1/src/main/java/com/eastapps/mgs/model/MemeText.java
/media/hybrid/workspace/meme_gen/mgs_v1/src/main/java/com/eastapps/meme_gen_server/service/MemeService.java
/media/hybrid/workspace/meme_gen/mgs_v1/src/main/java/com/eastapps/mgs/web/CrawlerMemeController.java
/media/hybrid/workspace/meme_gen/mgs_v1/src/main/java/com/eastapps/meme_gen_server/util/Util.java
/media/hybrid/workspace/meme_gen/mgs_v1/src/main/java/com/eastapps/mgs/model/CrawlerMeme.java
/media/hybrid/workspace/meme_gen/mgs_v1/src/main/java/com/eastapps/mgs/web/MemeController.java
/media/hybrid/workspace/meme_gen/mgs_v1/src/main/java/com/eastapps/mgs/model/DeviceInfo.java
/media/hybrid/workspace/meme_gen/mgs_v1/src/main/java/com/eastapps/mgs/model/CrawlerBackground.java
/media/hybrid/workspace/meme_gen/mgs_v1/src/main/java/com/eastapps/meme_gen_server/constants/Constants.java
/media/hybrid/workspace/meme_gen/mgs_v1/src/main/java/com/eastapps/mgs/web/SampleMemeController.java
/media/hybrid/workspace/meme_gen/mgs_v1/src/main/java/com/eastapps/mgs/model/MemeUser.java
/media/hybrid/workspace/meme_gen/mgs_v1/src/main/java/com/eastapps/mgs/web/CrawlerBackgroundController.java
